CBMC version 5.0 64-bit macos
Parsing sut.c
Converting
Type-checking sut
Generating GOTO Program
Adding CPROVER library
Function Pointer Removal
Partial Inlining
Generic Property Instrumentation
Starting Bounded Model Checking
Unwinding loop DeleteList.0 iteration 1 (6 max) file sut.c line 46 function DeleteList thread 0
Unwinding loop DeleteList.0 iteration 2 (6 max) file sut.c line 46 function DeleteList thread 0
Unwinding loop DeleteList.0 iteration 3 (6 max) file sut.c line 46 function DeleteList thread 0
Unwinding loop DeleteList.0 iteration 4 (6 max) file sut.c line 46 function DeleteList thread 0
Unwinding loop DeleteList.0 iteration 5 (6 max) file sut.c line 46 function DeleteList thread 0
Not unwinding loop DeleteList.0 iteration 6 (6 max) file sut.c line 46 function DeleteList thread 0
size of program expression: 103 steps
simple slicing removed 18 assignments
Generated 2 VCC(s), 1 remaining after simplification
Passing problem to propositional reduction
Running propositional reduction
Post-processing
Solving with MiniSAT 2.2.0 with simplifier
45941 variables, 220716 clauses
SAT checker: negated claim is SATISFIABLE, i.e., does not hold
Runtime decision procedure: 0.458s
Building error trace

Counterexample:

State 17 file sut.c line 33 thread 0
----------------------------------------------------
  L=((struct Seqlist *)NULL) (0000000000000000000000000000000000000000000000000000000000000000)

State 18 file sut.c line 33 thread 0
----------------------------------------------------
  i=1073741846 (01000000000000000000000000010110)

State 19 file sut.c line 36 function DeleteList thread 0
----------------------------------------------------
  j=0 (00000000000000000000000000000000)

State 24 file sut.c line 46 function DeleteList thread 0
----------------------------------------------------
  j=1073741847 (01000000000000000000000000010111)

State 26 file sut.c line 47 function DeleteList thread 0
----------------------------------------------------
  L$object.data[1073741846]={ 0, 0, 0, 0, 0, 0, 0, 0, 0, 0, 0, 0, 0, 0, 0, 0, 0, 0, 0, 0, 0, 0, 0, 0, 0, 0, 0, 0, 0, 0, 0, 0, 0, 0, 0, 0, 0, 0, 0, 0, 0, 0, 0, 0, 0, 0, 0, 0, 0, 0, 0, 0, 0, 0, 0, 0, 0, 0, 0, 0, 0, 0, 0, 0, 0, 0, 0, 0, 0, 0, 0, 0, 0, 0, 0, 0, 0, 0, 0, 0, 0, 0, 0, 0, 0, 0, 0, 0, 0, 0, 0, 0, 0, 0, 0, 0, 0, 0, 0, 0 }[1073741846] (?)

State 27 file sut.c line 46 function DeleteList thread 0
----------------------------------------------------
  j=1073741848 (01000000000000000000000000011000)

State 30 file sut.c line 47 function DeleteList thread 0
----------------------------------------------------
  L$object.data[1073741847]={ 0, 0, 0, 0, 0, 0, 0, 0, 0, 0, 0, 0, 0, 0, 0, 0, 0, 0, 0, 0, 0, 0, 0, 0, 0, 0, 0, 0, 0, 0, 0, 0, 0, 0, 0, 0, 0, 0, 0, 0, 0, 0, 0, 0, 0, 0, 0, 0, 0, 0, 0, 0, 0, 0, 0, 0, 0, 0, 0, 0, 0, 0, 0, 0, 0, 0, 0, 0, 0, 0, 0, 0, 0, 0, 0, 0, 0, 0, 0, 0, 0, 0, 0, 0, 0, 0, 0, 0, 0, 0, 0, 0, 0, 0, 0, 0, 0, 0, 0, 0 }[1073741847] (?)

State 31 file sut.c line 46 function DeleteList thread 0
----------------------------------------------------
  j=1073741849 (01000000000000000000000000011001)

State 34 file sut.c line 47 function DeleteList thread 0
----------------------------------------------------
  L$object.data[1073741848]={ 0, 0, 0, 0, 0, 0, 0, 0, 0, 0, 0, 0, 0, 0, 0, 0, 0, 0, 0, 0, 0, 0, 0, 0, 0, 0, 0, 0, 0, 0, 0, 0, 0, 0, 0, 0, 0, 0, 0, 0, 0, 0, 0, 0, 0, 0, 0, 0, 0, 0, 0, 0, 0, 0, 0, 0, 0, 0, 0, 0, 0, 0, 0, 0, 0, 0, 0, 0, 0, 0, 0, 0, 0, 0, 0, 0, 0, 0, 0, 0, 0, 0, 0, 0, 0, 0, 0, 0, 0, 0, 0, 0, 0, 0, 0, 0, 0, 0, 0, 0 }[1073741848] (?)

State 35 file sut.c line 46 function DeleteList thread 0
----------------------------------------------------
  j=1073741850 (01000000000000000000000000011010)

State 38 file sut.c line 47 function DeleteList thread 0
----------------------------------------------------
  L$object.data[1073741849]={ 0, 0, 0, 0, 0, 0, 0, 0, 0, 0, 0, 0, 0, 0, 0, 0, 0, 0, 0, 0, 0, 0, 0, 0, 0, 0, 0, 0, 0, 0, 0, 0, 0, 0, 0, 0, 0, 0, 0, 0, 0, 0, 0, 0, 0, 0, 0, 0, 0, 0, 0, 0, 0, 0, 0, 0, 0, 0, 0, 0, 0, 0, 0, 0, 0, 0, 0, 0, 0, 0, 0, 0, 0, 0, 0, 0, 0, 0, 0, 0, 0, 0, 0, 0, 0, 0, 0, 0, 0, 0, 0, 0, 0, 0, 0, 0, 0, 0, 0, 0 }[1073741849] (?)

State 39 file sut.c line 46 function DeleteList thread 0
----------------------------------------------------
  j=1073741851 (01000000000000000000000000011011)

State 42 file sut.c line 47 function DeleteList thread 0
----------------------------------------------------
  L$object.data[1073741850]={ 0, 0, 0, 0, 0, 0, 0, 0, 0, 0, 0, 0, 0, 0, 0, 0, 0, 0, 0, 0, 0, 0, 0, 0, 0, 0, 0, 0, 0, 0, 0, 0, 0, 0, 0, 0, 0, 0, 0, 0, 0, 0, 0, 0, 0, 0, 0, 0, 0, 0, 0, 0, 0, 0, 0, 0, 0, 0, 0, 0, 0, 0, 0, 0, 0, 0, 0, 0, 0, 0, 0, 0, 0, 0, 0, 0, 0, 0, 0, 0, 0, 0, 0, 0, 0, 0, 0, 0, 0, 0, 0, 0, 0, 0, 0, 0, 0, 0, 0, 0 }[1073741850] (?)

State 43 file sut.c line 46 function DeleteList thread 0
----------------------------------------------------
  j=1073741852 (01000000000000000000000000011100)

State 46 file sut.c line 47 function DeleteList thread 0
----------------------------------------------------
  L$object.data[1073741851]={ 0, 0, 0, 0, 0, 0, 0, 0, 0, 0, 0, 0, 0, 0, 0, 0, 0, 0, 0, 0, 0, 0, 0, 0, 0, 0, 0, 0, 0, 0, 0, 0, 0, 0, 0, 0, 0, 0, 0, 0, 0, 0, 0, 0, 0, 0, 0, 0, 0, 0, 0, 0, 0, 0, 0, 0, 0, 0, 0, 0, 0, 0, 0, 0, 0, 0, 0, 0, 0, 0, 0, 0, 0, 0, 0, 0, 0, 0, 0, 0, 0, 0, 0, 0, 0, 0, 0, 0, 0, 0, 0, 0, 0, 0, 0, 0, 0, 0, 0, 0 }[1073741851] (?)

State 47 file sut.c line 46 function DeleteList thread 0
----------------------------------------------------
  j=1073741853 (01000000000000000000000000011101)

Violated property:
  file sut.c line 46 function DeleteList
  unwinding assertion loop 0

VERIFICATION FAILED
